2025-02-20 14:36:18 [background-preinit] INFO  o.h.validator.internal.util.Version - HV000001: Hibernate Validator 8.0.1.Final
2025-02-20 14:36:19 [main] INFO  com.example.demo.DemoApplication - Starting DemoApplication using Java 17 with PID 18964 (C:\Users\deles\IdeaProjects\demo\build\classes\java\main started by deles in C:\Users\deles\IdeaProjects\demo)
2025-02-20 14:36:19 [main] INFO  com.example.demo.DemoApplication - No active profile set, falling back to 1 default profile: "default"
2025-02-20 14:36:19 [main] INFO  o.s.b.w.e.tomcat.TomcatWebServer - Tomcat initialized with port 8080 (http)
2025-02-20 14:36:19 [main] INFO  o.a.coyote.http11.Http11NioProtocol - Initializing ProtocolHandler ["http-nio-8080"]
2025-02-20 14:36:19 [main] INFO  o.a.catalina.core.StandardService - Starting service [Tomcat]
2025-02-20 14:36:19 [main] INFO  o.a.catalina.core.StandardEngine - Starting Servlet engine: [Apache Tomcat/10.1.34]
2025-02-20 14:36:19 [main] INFO  o.a.c.c.C.[Tomcat].[localhost].[/] - Initializing Spring embedded WebApplicationContext
2025-02-20 14:36:19 [main] INFO  o.s.b.w.s.c.ServletWebServerApplicationContext - Root WebApplicationContext: initialization completed in 907 ms
2025-02-20 14:36:20 [main] INFO  o.a.coyote.http11.Http11NioProtocol - Starting ProtocolHandler ["http-nio-8080"]
2025-02-20 14:36:20 [main] INFO  o.s.b.w.e.tomcat.TomcatWebServer - Tomcat started on port 8080 (http) with context path '/'
2025-02-20 14:36:20 [main] INFO  com.example.demo.DemoApplication - Started DemoApplication in 1.765 seconds (process running for 2.034)
2025-02-20 14:36:29 [http-nio-8080-exec-1] INFO  o.a.c.c.C.[Tomcat].[localhost].[/] - Initializing Spring DispatcherServlet 'dispatcherServlet'
2025-02-20 14:36:29 [http-nio-8080-exec-1] INFO  o.s.web.servlet.DispatcherServlet - Initializing Servlet 'dispatcherServlet'
2025-02-20 14:36:29 [http-nio-8080-exec-1] INFO  o.s.web.servlet.DispatcherServlet - Completed initialization in 1 ms
2025-02-20 14:36:30 [http-nio-8080-exec-1] INFO  c.e.demo.controller.UserController - Get user id = 4
2025-02-21 08:25:11 [background-preinit] INFO  o.h.validator.internal.util.Version - HV000001: Hibernate Validator 8.0.1.Final
2025-02-21 08:25:12 [main] INFO  com.example.demo.DemoApplication - Starting DemoApplication using Java 17 with PID 12896 (C:\Users\deles\IdeaProjects\demo-application\build\classes\java\main started by deles in C:\Users\deles\IdeaProjects\demo-application)
2025-02-21 08:25:12 [main] INFO  com.example.demo.DemoApplication - No active profile set, falling back to 1 default profile: "default"
2025-02-21 08:25:13 [main] INFO  o.s.b.w.e.tomcat.TomcatWebServer - Tomcat initialized with port 8080 (http)
2025-02-21 08:25:13 [main] INFO  o.a.coyote.http11.Http11NioProtocol - Initializing ProtocolHandler ["http-nio-8080"]
2025-02-21 08:25:13 [main] INFO  o.a.catalina.core.StandardService - Starting service [Tomcat]
2025-02-21 08:25:13 [main] INFO  o.a.catalina.core.StandardEngine - Starting Servlet engine: [Apache Tomcat/10.1.34]
2025-02-21 08:25:13 [main] INFO  o.a.c.c.C.[Tomcat].[localhost].[/] - Initializing Spring embedded WebApplicationContext
2025-02-21 08:25:13 [main] INFO  o.s.b.w.s.c.ServletWebServerApplicationContext - Root WebApplicationContext: initialization completed in 1107 ms
2025-02-21 08:25:13 [main] INFO  o.a.coyote.http11.Http11NioProtocol - Starting ProtocolHandler ["http-nio-8080"]
2025-02-21 08:25:13 [main] INFO  o.s.b.w.e.tomcat.TomcatWebServer - Tomcat started on port 8080 (http) with context path '/'
2025-02-21 08:25:13 [main] INFO  com.example.demo.DemoApplication - Started DemoApplication in 2.215 seconds (process running for 2.535)
2025-02-21 08:28:15 [http-nio-8080-exec-1] INFO  o.a.c.c.C.[Tomcat].[localhost].[/] - Initializing Spring DispatcherServlet 'dispatcherServlet'
2025-02-21 08:28:15 [http-nio-8080-exec-1] INFO  o.s.web.servlet.DispatcherServlet - Initializing Servlet 'dispatcherServlet'
2025-02-21 08:28:15 [http-nio-8080-exec-1] INFO  o.s.web.servlet.DispatcherServlet - Completed initialization in 0 ms
2025-02-21 08:28:15 [http-nio-8080-exec-1] INFO  c.e.demo.controller.UserController - Creating user {"id":null,"firstName":"Pavel","lastName":"Durove","age":40}
2025-02-21 08:28:15 [http-nio-8080-exec-1] ERROR o.a.c.c.C.[.[.[.[dispatcherServlet] - Servlet.service() for servlet [dispatcherServlet] in context with path [] threw exception [Request processing failed: java.lang.RuntimeException: Couldn't create user] with root cause
java.lang.RuntimeException: Couldn't create user
	at com.example.demo.data.dao.impl.UserDaoImpl.create(UserDaoImpl.java:42)
	at com.example.demo.service.UserServiceImpl.create(UserServiceImpl.java:21)
	at com.example.demo.controller.UserController.createUser(UserController.java:29)
	at java.base/jdk.internal.reflect.NativeMethodAccessorImpl.invoke0(Native Method)
	at java.base/jdk.internal.reflect.NativeMethodAccessorImpl.invoke(NativeMethodAccessorImpl.java:77)
	at java.base/jdk.internal.reflect.DelegatingMethodAccessorImpl.invoke(DelegatingMethodAccessorImpl.java:43)
	at java.base/java.lang.reflect.Method.invoke(Method.java:568)
	at org.springframework.web.method.support.InvocableHandlerMethod.doInvoke(InvocableHandlerMethod.java:257)
	at org.springframework.web.method.support.InvocableHandlerMethod.invokeForRequest(InvocableHandlerMethod.java:190)
	at org.springframework.web.servlet.mvc.method.annotation.ServletInvocableHandlerMethod.invokeAndHandle(ServletInvocableHandlerMethod.java:118)
	at org.springframework.web.servlet.mvc.method.annotation.RequestMappingHandlerAdapter.invokeHandlerMethod(RequestMappingHandlerAdapter.java:986)
	at org.springframework.web.servlet.mvc.method.annotation.RequestMappingHandlerAdapter.handleInternal(RequestMappingHandlerAdapter.java:891)
	at org.springframework.web.servlet.mvc.method.AbstractHandlerMethodAdapter.handle(AbstractHandlerMethodAdapter.java:87)
	at org.springframework.web.servlet.DispatcherServlet.doDispatch(DispatcherServlet.java:1088)
	at org.springframework.web.servlet.DispatcherServlet.doService(DispatcherServlet.java:978)
	at org.springframework.web.servlet.FrameworkServlet.processRequest(FrameworkServlet.java:1014)
	at org.springframework.web.servlet.FrameworkServlet.doPost(FrameworkServlet.java:914)
	at jakarta.servlet.http.HttpServlet.service(HttpServlet.java:590)
	at org.springframework.web.servlet.FrameworkServlet.service(FrameworkServlet.java:885)
	at jakarta.servlet.http.HttpServlet.service(HttpServlet.java:658)
	at org.apache.catalina.core.ApplicationFilterChain.internalDoFilter(ApplicationFilterChain.java:195)
	at org.apache.catalina.core.ApplicationFilterChain.doFilter(ApplicationFilterChain.java:140)
	at org.apache.tomcat.websocket.server.WsFilter.doFilter(WsFilter.java:51)
	at org.apache.catalina.core.ApplicationFilterChain.internalDoFilter(ApplicationFilterChain.java:164)
	at org.apache.catalina.core.ApplicationFilterChain.doFilter(ApplicationFilterChain.java:140)
	at org.springframework.web.filter.RequestContextFilter.doFilterInternal(RequestContextFilter.java:100)
	at org.springframework.web.filter.OncePerRequestFilter.doFilter(OncePerRequestFilter.java:116)
	at org.apache.catalina.core.ApplicationFilterChain.internalDoFilter(ApplicationFilterChain.java:164)
	at org.apache.catalina.core.ApplicationFilterChain.doFilter(ApplicationFilterChain.java:140)
	at org.springframework.web.filter.FormContentFilter.doFilterInternal(FormContentFilter.java:93)
	at org.springframework.web.filter.OncePerRequestFilter.doFilter(OncePerRequestFilter.java:116)
	at org.apache.catalina.core.ApplicationFilterChain.internalDoFilter(ApplicationFilterChain.java:164)
	at org.apache.catalina.core.ApplicationFilterChain.doFilter(ApplicationFilterChain.java:140)
	at org.springframework.web.filter.CharacterEncodingFilter.doFilterInternal(CharacterEncodingFilter.java:201)
	at org.springframework.web.filter.OncePerRequestFilter.doFilter(OncePerRequestFilter.java:116)
	at org.apache.catalina.core.ApplicationFilterChain.internalDoFilter(ApplicationFilterChain.java:164)
	at org.apache.catalina.core.ApplicationFilterChain.doFilter(ApplicationFilterChain.java:140)
	at org.apache.catalina.core.StandardWrapperValve.invoke(StandardWrapperValve.java:167)
	at org.apache.catalina.core.StandardContextValve.invoke(StandardContextValve.java:90)
	at org.apache.catalina.authenticator.AuthenticatorBase.invoke(AuthenticatorBase.java:483)
	at org.apache.catalina.core.StandardHostValve.invoke(StandardHostValve.java:115)
	at org.apache.catalina.valves.ErrorReportValve.invoke(ErrorReportValve.java:93)
	at org.apache.catalina.core.StandardEngineValve.invoke(StandardEngineValve.java:74)
	at org.apache.catalina.connector.CoyoteAdapter.service(CoyoteAdapter.java:344)
	at org.apache.coyote.http11.Http11Processor.service(Http11Processor.java:397)
	at org.apache.coyote.AbstractProcessorLight.process(AbstractProcessorLight.java:63)
	at org.apache.coyote.AbstractProtocol$ConnectionHandler.process(AbstractProtocol.java:905)
	at org.apache.tomcat.util.net.NioEndpoint$SocketProcessor.doRun(NioEndpoint.java:1741)
	at org.apache.tomcat.util.net.SocketProcessorBase.run(SocketProcessorBase.java:52)
	at org.apache.tomcat.util.threads.ThreadPoolExecutor.runWorker(ThreadPoolExecutor.java:1190)
	at org.apache.tomcat.util.threads.ThreadPoolExecutor$Worker.run(ThreadPoolExecutor.java:659)
	at org.apache.tomcat.util.threads.TaskThread$WrappingRunnable.run(TaskThread.java:63)
	at java.base/java.lang.Thread.run(Thread.java:833)
2025-02-21 08:28:54 [http-nio-8080-exec-2] INFO  c.e.demo.controller.UserController - Creating user {"id":null,"firstName":"Pavel","lastName":"Durove","age":40}
2025-02-21 08:54:08 [background-preinit] INFO  o.h.validator.internal.util.Version - HV000001: Hibernate Validator 8.0.1.Final
2025-02-21 08:54:08 [main] INFO  com.example.demo.SDBApplication - Starting SDBApplication using Java 17 with PID 22516 (C:\Users\deles\IdeaProjects\demo-application\build\classes\java\main started by deles in C:\Users\deles\IdeaProjects\demo-application)
2025-02-21 08:54:08 [main] INFO  com.example.demo.SDBApplication - No active profile set, falling back to 1 default profile: "default"
2025-02-21 08:54:09 [main] INFO  o.s.b.w.e.tomcat.TomcatWebServer - Tomcat initialized with port 8080 (http)
2025-02-21 08:54:09 [main] INFO  o.a.coyote.http11.Http11NioProtocol - Initializing ProtocolHandler ["http-nio-8080"]
2025-02-21 08:54:09 [main] INFO  o.a.catalina.core.StandardService - Starting service [Tomcat]
2025-02-21 08:54:09 [main] INFO  o.a.catalina.core.StandardEngine - Starting Servlet engine: [Apache Tomcat/10.1.34]
2025-02-21 08:54:09 [main] INFO  o.a.c.c.C.[Tomcat].[localhost].[/] - Initializing Spring embedded WebApplicationContext
2025-02-21 08:54:09 [main] INFO  o.s.b.w.s.c.ServletWebServerApplicationContext - Root WebApplicationContext: initialization completed in 907 ms
2025-02-21 08:54:09 [main] INFO  o.a.coyote.http11.Http11NioProtocol - Starting ProtocolHandler ["http-nio-8080"]
2025-02-21 08:54:09 [main] WARN  o.s.b.w.s.c.AnnotationConfigServletWebServerApplicationContext - Exception encountered during context initialization - cancelling refresh attempt: org.springframework.context.ApplicationContextException: Failed to start bean 'webServerStartStop'
2025-02-21 08:54:09 [main] INFO  o.s.b.a.l.ConditionEvaluationReportLogger - 

Error starting ApplicationContext. To display the condition evaluation report re-run your application with 'debug' enabled.
2025-02-21 08:54:09 [main] ERROR o.s.b.d.LoggingFailureAnalysisReporter - 

***************************
APPLICATION FAILED TO START
***************************

Description:

Web server failed to start. Port 8080 was already in use.

Action:

Identify and stop the process that's listening on port 8080 or configure this application to listen on another port.

2025-02-21 08:54:31 [background-preinit] INFO  o.h.validator.internal.util.Version - HV000001: Hibernate Validator 8.0.1.Final
2025-02-21 08:54:31 [main] INFO  com.example.demo.SDBApplication - Starting SDBApplication using Java 17 with PID 17664 (C:\Users\deles\IdeaProjects\demo-application\build\classes\java\main started by deles in C:\Users\deles\IdeaProjects\demo-application)
2025-02-21 08:54:31 [main] INFO  com.example.demo.SDBApplication - No active profile set, falling back to 1 default profile: "default"
2025-02-21 08:54:32 [main] INFO  o.s.b.w.e.tomcat.TomcatWebServer - Tomcat initialized with port 8080 (http)
2025-02-21 08:54:32 [main] INFO  o.a.coyote.http11.Http11NioProtocol - Initializing ProtocolHandler ["http-nio-8080"]
2025-02-21 08:54:32 [main] INFO  o.a.catalina.core.StandardService - Starting service [Tomcat]
2025-02-21 08:54:32 [main] INFO  o.a.catalina.core.StandardEngine - Starting Servlet engine: [Apache Tomcat/10.1.34]
2025-02-21 08:54:32 [main] INFO  o.a.c.c.C.[Tomcat].[localhost].[/] - Initializing Spring embedded WebApplicationContext
2025-02-21 08:54:32 [main] INFO  o.s.b.w.s.c.ServletWebServerApplicationContext - Root WebApplicationContext: initialization completed in 873 ms
2025-02-21 08:54:32 [main] INFO  o.a.coyote.http11.Http11NioProtocol - Starting ProtocolHandler ["http-nio-8080"]
2025-02-21 08:54:32 [main] WARN  o.s.b.w.s.c.AnnotationConfigServletWebServerApplicationContext - Exception encountered during context initialization - cancelling refresh attempt: org.springframework.context.ApplicationContextException: Failed to start bean 'webServerStartStop'
2025-02-21 08:54:32 [main] INFO  o.s.b.a.l.ConditionEvaluationReportLogger - 

Error starting ApplicationContext. To display the condition evaluation report re-run your application with 'debug' enabled.
2025-02-21 08:54:32 [main] ERROR o.s.b.d.LoggingFailureAnalysisReporter - 

***************************
APPLICATION FAILED TO START
***************************

Description:

Web server failed to start. Port 8080 was already in use.

Action:

Identify and stop the process that's listening on port 8080 or configure this application to listen on another port.

2025-02-21 08:55:58 [background-preinit] INFO  o.h.validator.internal.util.Version - HV000001: Hibernate Validator 8.0.1.Final
2025-02-21 08:55:58 [main] INFO  com.example.demo.SDBApplication - Starting SDBApplication using Java 17 with PID 18404 (C:\Users\deles\IdeaProjects\demo-application\build\classes\java\main started by deles in C:\Users\deles\IdeaProjects\demo-application)
2025-02-21 08:55:58 [main] INFO  com.example.demo.SDBApplication - No active profile set, falling back to 1 default profile: "default"
2025-02-21 08:55:59 [main] INFO  o.s.b.w.e.tomcat.TomcatWebServer - Tomcat initialized with port 8080 (http)
2025-02-21 08:55:59 [main] INFO  o.a.coyote.http11.Http11NioProtocol - Initializing ProtocolHandler ["http-nio-8080"]
2025-02-21 08:55:59 [main] INFO  o.a.catalina.core.StandardService - Starting service [Tomcat]
2025-02-21 08:55:59 [main] INFO  o.a.catalina.core.StandardEngine - Starting Servlet engine: [Apache Tomcat/10.1.34]
2025-02-21 08:55:59 [main] INFO  o.a.c.c.C.[Tomcat].[localhost].[/] - Initializing Spring embedded WebApplicationContext
2025-02-21 08:55:59 [main] INFO  o.s.b.w.s.c.ServletWebServerApplicationContext - Root WebApplicationContext: initialization completed in 876 ms
2025-02-21 08:55:59 [main] INFO  o.a.coyote.http11.Http11NioProtocol - Starting ProtocolHandler ["http-nio-8080"]
2025-02-21 08:55:59 [main] INFO  o.s.b.w.e.tomcat.TomcatWebServer - Tomcat started on port 8080 (http) with context path '/'
2025-02-21 08:55:59 [main] INFO  com.example.demo.SDBApplication - Started SDBApplication in 1.695 seconds (process running for 1.94)
2025-02-21 08:56:07 [http-nio-8080-exec-1] INFO  o.a.c.c.C.[Tomcat].[localhost].[/] - Initializing Spring DispatcherServlet 'dispatcherServlet'
2025-02-21 08:56:07 [http-nio-8080-exec-1] INFO  o.s.web.servlet.DispatcherServlet - Initializing Servlet 'dispatcherServlet'
2025-02-21 08:56:07 [http-nio-8080-exec-1] INFO  o.s.web.servlet.DispatcherServlet - Completed initialization in 2 ms
2025-02-21 08:56:07 [http-nio-8080-exec-1] INFO  c.e.demo.controller.UserController - Creating user {"id":null,"firstName":"Pavel","lastName":"Pugachev","age":40}
2025-02-21 09:05:42 [background-preinit] INFO  o.h.validator.internal.util.Version - HV000001: Hibernate Validator 8.0.1.Final
2025-02-21 09:05:42 [main] INFO  com.example.demo.SDBApplication - Starting SDBApplication using Java 17 with PID 17948 (C:\Users\deles\IdeaProjects\demo-application\build\classes\java\main started by deles in C:\Users\deles\IdeaProjects\demo-application)
2025-02-21 09:05:42 [main] INFO  com.example.demo.SDBApplication - No active profile set, falling back to 1 default profile: "default"
2025-02-21 09:05:43 [main] INFO  o.s.b.w.e.tomcat.TomcatWebServer - Tomcat initialized with port 8080 (http)
2025-02-21 09:05:43 [main] INFO  o.a.coyote.http11.Http11NioProtocol - Initializing ProtocolHandler ["http-nio-8080"]
2025-02-21 09:05:43 [main] INFO  o.a.catalina.core.StandardService - Starting service [Tomcat]
2025-02-21 09:05:43 [main] INFO  o.a.catalina.core.StandardEngine - Starting Servlet engine: [Apache Tomcat/10.1.34]
2025-02-21 09:05:43 [main] INFO  o.a.c.c.C.[Tomcat].[localhost].[/] - Initializing Spring embedded WebApplicationContext
2025-02-21 09:05:43 [main] INFO  o.s.b.w.s.c.ServletWebServerApplicationContext - Root WebApplicationContext: initialization completed in 1044 ms
2025-02-21 09:05:44 [main] INFO  o.a.coyote.http11.Http11NioProtocol - Starting ProtocolHandler ["http-nio-8080"]
2025-02-21 09:05:44 [main] INFO  o.s.b.w.e.tomcat.TomcatWebServer - Tomcat started on port 8080 (http) with context path '/'
2025-02-21 09:05:44 [main] INFO  com.example.demo.SDBApplication - Started SDBApplication in 1.991 seconds (process running for 2.281)
2025-02-21 09:05:59 [http-nio-8080-exec-1] INFO  o.a.c.c.C.[Tomcat].[localhost].[/] - Initializing Spring DispatcherServlet 'dispatcherServlet'
2025-02-21 09:05:59 [http-nio-8080-exec-1] INFO  o.s.web.servlet.DispatcherServlet - Initializing Servlet 'dispatcherServlet'
2025-02-21 09:05:59 [http-nio-8080-exec-1] INFO  o.s.web.servlet.DispatcherServlet - Completed initialization in 0 ms
2025-02-21 09:05:59 [http-nio-8080-exec-1] INFO  c.e.d.api.controller.UserController - Creating user {"id":null,"firstName":"Popo","lastName":"JOPO","age":53}
2025-02-21 09:14:57 [background-preinit] INFO  o.h.validator.internal.util.Version - HV000001: Hibernate Validator 8.0.1.Final
2025-02-21 09:14:57 [main] INFO  com.example.demo.SDBApplication - Starting SDBApplication using Java 17 with PID 22656 (C:\Users\deles\IdeaProjects\demo-application\sdb-main\build\classes\java\main started by deles in C:\Users\deles\IdeaProjects\demo-application)
2025-02-21 09:14:57 [main] INFO  com.example.demo.SDBApplication - No active profile set, falling back to 1 default profile: "default"
2025-02-21 09:14:58 [main] INFO  o.s.b.w.e.tomcat.TomcatWebServer - Tomcat initialized with port 8080 (http)
2025-02-21 09:14:58 [main] INFO  o.a.coyote.http11.Http11NioProtocol - Initializing ProtocolHandler ["http-nio-8080"]
2025-02-21 09:14:58 [main] INFO  o.a.catalina.core.StandardService - Starting service [Tomcat]
2025-02-21 09:14:58 [main] INFO  o.a.catalina.core.StandardEngine - Starting Servlet engine: [Apache Tomcat/10.1.34]
2025-02-21 09:14:58 [main] INFO  o.a.c.c.C.[Tomcat].[localhost].[/] - Initializing Spring embedded WebApplicationContext
2025-02-21 09:14:58 [main] INFO  o.s.b.w.s.c.ServletWebServerApplicationContext - Root WebApplicationContext: initialization completed in 919 ms
2025-02-21 09:14:59 [main] INFO  o.a.coyote.http11.Http11NioProtocol - Starting ProtocolHandler ["http-nio-8080"]
2025-02-21 09:14:59 [main] INFO  o.s.b.w.e.tomcat.TomcatWebServer - Tomcat started on port 8080 (http) with context path '/'
2025-02-21 09:14:59 [main] INFO  com.example.demo.SDBApplication - Started SDBApplication in 1.852 seconds (process running for 2.183)
2025-02-21 09:15:20 [http-nio-8080-exec-1] INFO  o.a.c.c.C.[Tomcat].[localhost].[/] - Initializing Spring DispatcherServlet 'dispatcherServlet'
2025-02-21 09:15:20 [http-nio-8080-exec-1] INFO  o.s.web.servlet.DispatcherServlet - Initializing Servlet 'dispatcherServlet'
2025-02-21 09:15:20 [http-nio-8080-exec-1] INFO  o.s.web.servlet.DispatcherServlet - Completed initialization in 0 ms
2025-02-21 09:15:21 [http-nio-8080-exec-1] INFO  c.e.d.api.controller.UserController - Creating user {"id":null,"firstName":"Vladimit","lastName":"Putin","age":53}
2025-02-21 09:16:26 [http-nio-8080-exec-3] INFO  c.e.d.api.controller.UserController - Update user id = 16, {"id":null,"firstName":"Vladimir","lastName":null,"age":null}
2025-02-21 09:19:03 [background-preinit] INFO  o.h.validator.internal.util.Version - HV000001: Hibernate Validator 8.0.1.Final
2025-02-21 09:19:03 [main] INFO  com.example.demo.SDBApplication - Starting SDBApplication using Java 17 with PID 8368 (C:\Users\deles\IdeaProjects\demo-application\sdb-main\build\classes\java\main started by deles in C:\Users\deles\IdeaProjects\demo-application)
2025-02-21 09:19:03 [main] INFO  com.example.demo.SDBApplication - No active profile set, falling back to 1 default profile: "default"
2025-02-21 09:19:04 [main] INFO  o.s.b.w.e.tomcat.TomcatWebServer - Tomcat initialized with port 8080 (http)
2025-02-21 09:19:04 [main] INFO  o.a.coyote.http11.Http11NioProtocol - Initializing ProtocolHandler ["http-nio-8080"]
2025-02-21 09:19:04 [main] INFO  o.a.catalina.core.StandardService - Starting service [Tomcat]
2025-02-21 09:19:04 [main] INFO  o.a.catalina.core.StandardEngine - Starting Servlet engine: [Apache Tomcat/10.1.34]
2025-02-21 09:19:04 [main] INFO  o.a.c.c.C.[Tomcat].[localhost].[/] - Initializing Spring embedded WebApplicationContext
2025-02-21 09:19:04 [main] INFO  o.s.b.w.s.c.ServletWebServerApplicationContext - Root WebApplicationContext: initialization completed in 930 ms
2025-02-21 09:19:04 [main] INFO  o.a.coyote.http11.Http11NioProtocol - Starting ProtocolHandler ["http-nio-8080"]
2025-02-21 09:19:04 [main] INFO  o.s.b.w.e.tomcat.TomcatWebServer - Tomcat started on port 8080 (http) with context path '/'
2025-02-21 09:19:04 [main] INFO  com.example.demo.SDBApplication - Started SDBApplication in 1.781 seconds (process running for 2.05)
2025-02-21 09:19:10 [http-nio-8080-exec-2] INFO  o.a.c.c.C.[Tomcat].[localhost].[/] - Initializing Spring DispatcherServlet 'dispatcherServlet'
2025-02-21 09:19:10 [http-nio-8080-exec-2] INFO  o.s.web.servlet.DispatcherServlet - Initializing Servlet 'dispatcherServlet'
2025-02-21 09:19:10 [http-nio-8080-exec-2] INFO  o.s.web.servlet.DispatcherServlet - Completed initialization in 0 ms
2025-02-21 09:19:10 [http-nio-8080-exec-2] INFO  c.e.d.api.controller.UserController - Update user id = 16, {"id":null,"firstName":"Vladimir2","lastName":null,"age":null}
2025-02-21 09:19:12 [http-nio-8080-exec-1] INFO  c.e.d.api.controller.UserController - Update user id = 16, {"id":null,"firstName":"Vladimir","lastName":null,"age":null}
2025-02-21 09:20:56 [background-preinit] INFO  o.h.validator.internal.util.Version - HV000001: Hibernate Validator 8.0.1.Final
2025-02-21 09:20:56 [main] INFO  com.example.demo.SDBApplication - Starting SDBApplication using Java 17 with PID 13388 (C:\Users\deles\IdeaProjects\demo-application\sdb-main\build\classes\java\main started by deles in C:\Users\deles\IdeaProjects\demo-application)
2025-02-21 09:20:56 [main] INFO  com.example.demo.SDBApplication - No active profile set, falling back to 1 default profile: "default"
2025-02-21 09:20:57 [main] INFO  o.s.b.w.e.tomcat.TomcatWebServer - Tomcat initialized with port 8080 (http)
2025-02-21 09:20:57 [main] INFO  o.a.coyote.http11.Http11NioProtocol - Initializing ProtocolHandler ["http-nio-8080"]
2025-02-21 09:20:57 [main] INFO  o.a.catalina.core.StandardService - Starting service [Tomcat]
2025-02-21 09:20:57 [main] INFO  o.a.catalina.core.StandardEngine - Starting Servlet engine: [Apache Tomcat/10.1.34]
2025-02-21 09:20:57 [main] INFO  o.a.c.c.C.[Tomcat].[localhost].[/] - Initializing Spring embedded WebApplicationContext
2025-02-21 09:20:57 [main] INFO  o.s.b.w.s.c.ServletWebServerApplicationContext - Root WebApplicationContext: initialization completed in 912 ms
2025-02-21 09:20:58 [main] INFO  o.a.coyote.http11.Http11NioProtocol - Starting ProtocolHandler ["http-nio-8080"]
2025-02-21 09:20:58 [main] INFO  o.s.b.w.e.tomcat.TomcatWebServer - Tomcat started on port 8080 (http) with context path '/'
2025-02-21 09:20:58 [main] INFO  com.example.demo.SDBApplication - Started SDBApplication in 1.724 seconds (process running for 1.983)
2025-02-21 09:22:20 [background-preinit] INFO  o.h.validator.internal.util.Version - HV000001: Hibernate Validator 8.0.1.Final
2025-02-21 09:22:20 [main] INFO  com.example.demo.SDBApplication - Starting SDBApplication using Java 17 with PID 13152 (C:\Users\deles\IdeaProjects\demo-application\sdb-main\build\classes\java\main started by deles in C:\Users\deles\IdeaProjects\demo-application)
2025-02-21 09:22:20 [main] INFO  com.example.demo.SDBApplication - No active profile set, falling back to 1 default profile: "default"
2025-02-21 09:22:21 [main] INFO  o.s.b.w.e.tomcat.TomcatWebServer - Tomcat initialized with port 8080 (http)
2025-02-21 09:22:21 [main] INFO  o.a.coyote.http11.Http11NioProtocol - Initializing ProtocolHandler ["http-nio-8080"]
2025-02-21 09:22:21 [main] INFO  o.a.catalina.core.StandardService - Starting service [Tomcat]
2025-02-21 09:22:21 [main] INFO  o.a.catalina.core.StandardEngine - Starting Servlet engine: [Apache Tomcat/10.1.34]
2025-02-21 09:22:21 [main] INFO  o.a.c.c.C.[Tomcat].[localhost].[/] - Initializing Spring embedded WebApplicationContext
2025-02-21 09:22:21 [main] INFO  o.s.b.w.s.c.ServletWebServerApplicationContext - Root WebApplicationContext: initialization completed in 881 ms
2025-02-21 09:22:21 [main] INFO  o.a.coyote.http11.Http11NioProtocol - Starting ProtocolHandler ["http-nio-8080"]
2025-02-21 09:22:21 [main] INFO  o.s.b.w.e.tomcat.TomcatWebServer - Tomcat started on port 8080 (http) with context path '/'
2025-02-21 09:22:21 [main] INFO  com.example.demo.SDBApplication - Started SDBApplication in 1.724 seconds (process running for 1.984)
2025-02-21 09:22:26 [http-nio-8080-exec-1] INFO  o.a.c.c.C.[Tomcat].[localhost].[/] - Initializing Spring DispatcherServlet 'dispatcherServlet'
2025-02-21 09:22:26 [http-nio-8080-exec-1] INFO  o.s.web.servlet.DispatcherServlet - Initializing Servlet 'dispatcherServlet'
2025-02-21 09:22:26 [http-nio-8080-exec-1] INFO  o.s.web.servlet.DispatcherServlet - Completed initialization in 1 ms
2025-02-21 09:22:26 [http-nio-8080-exec-1] INFO  c.e.d.api.controller.UserController - Update user id = 16, {"id":null,"firstName":"Vladimirs","lastName":null,"age":null}
2025-02-21 09:22:28 [http-nio-8080-exec-2] INFO  c.e.d.api.controller.UserController - Update user id = 16, {"id":null,"firstName":"Vladimir","lastName":null,"age":null}
2025-02-21 09:23:08 [background-preinit] INFO  o.h.validator.internal.util.Version - HV000001: Hibernate Validator 8.0.1.Final
2025-02-21 09:23:08 [main] INFO  com.example.demo.LogCollector - Starting LogCollector using Java 17 with PID 17504 (C:\Users\deles\IdeaProjects\demo-application\sdb-logging\build\classes\java\main started by deles in C:\Users\deles\IdeaProjects\demo-application)
2025-02-21 09:23:08 [main] INFO  com.example.demo.LogCollector - No active profile set, falling back to 1 default profile: "default"
2025-02-21 09:23:09 [main] INFO  o.s.b.w.e.tomcat.TomcatWebServer - Tomcat initialized with port 8082 (http)
2025-02-21 09:23:09 [main] INFO  o.a.coyote.http11.Http11NioProtocol - Initializing ProtocolHandler ["http-nio-127.0.0.1-8082"]
2025-02-21 09:23:09 [main] INFO  o.a.catalina.core.StandardService - Starting service [Tomcat]
2025-02-21 09:23:09 [main] INFO  o.a.catalina.core.StandardEngine - Starting Servlet engine: [Apache Tomcat/10.1.34]
2025-02-21 09:23:09 [main] INFO  o.a.c.c.C.[Tomcat].[localhost].[/] - Initializing Spring embedded WebApplicationContext
2025-02-21 09:23:09 [main] INFO  o.s.b.w.s.c.ServletWebServerApplicationContext - Root WebApplicationContext: initialization completed in 877 ms
2025-02-21 09:23:09 [main] INFO  o.a.coyote.http11.Http11NioProtocol - Starting ProtocolHandler ["http-nio-127.0.0.1-8082"]
2025-02-21 09:23:09 [main] INFO  o.s.b.w.e.tomcat.TomcatWebServer - Tomcat started on port 8082 (http) with context path '/'
2025-02-21 09:23:09 [main] INFO  com.example.demo.LogCollector - Started LogCollector in 1.691 seconds (process running for 1.938)
2025-02-21 09:25:36 [http-nio-127.0.0.1-8082-exec-1] INFO  o.a.c.c.C.[Tomcat].[localhost].[/] - Initializing Spring DispatcherServlet 'dispatcherServlet'
2025-02-21 09:25:36 [http-nio-127.0.0.1-8082-exec-1] INFO  o.s.web.servlet.DispatcherServlet - Initializing Servlet 'dispatcherServlet'
2025-02-21 09:25:36 [http-nio-127.0.0.1-8082-exec-1] INFO  o.s.web.servlet.DispatcherServlet - Completed initialization in 1 ms
2025-02-21 09:28:46 [background-preinit] INFO  o.h.validator.internal.util.Version - HV000001: Hibernate Validator 8.0.1.Final
2025-02-21 09:28:46 [main] INFO  com.example.demo.SDBApplication - Starting SDBApplication using Java 17 with PID 19104 (C:\Users\deles\IdeaProjects\demo-application\sdb-main\build\classes\java\main started by deles in C:\Users\deles\IdeaProjects\demo-application)
2025-02-21 09:28:46 [main] INFO  com.example.demo.SDBApplication - No active profile set, falling back to 1 default profile: "default"
2025-02-21 09:28:47 [main] INFO  o.s.b.w.e.tomcat.TomcatWebServer - Tomcat initialized with port 8080 (http)
2025-02-21 09:28:47 [main] INFO  o.a.coyote.http11.Http11NioProtocol - Initializing ProtocolHandler ["http-nio-8080"]
2025-02-21 09:28:47 [main] INFO  o.a.catalina.core.StandardService - Starting service [Tomcat]
2025-02-21 09:28:47 [main] INFO  o.a.catalina.core.StandardEngine - Starting Servlet engine: [Apache Tomcat/10.1.34]
2025-02-21 09:28:47 [main] INFO  o.a.c.c.C.[Tomcat].[localhost].[/] - Initializing Spring embedded WebApplicationContext
2025-02-21 09:28:47 [main] INFO  o.s.b.w.s.c.ServletWebServerApplicationContext - Root WebApplicationContext: initialization completed in 907 ms
2025-02-21 09:28:47 [main] WARN  o.s.b.w.s.c.AnnotationConfigServletWebServerApplicationContext - Exception encountered during context initialization - cancelling refresh attempt: org.springframework.beans.factory.BeanCreationException: Error creating bean with name 'userController' defined in file [C:\Users\deles\IdeaProjects\demo-application\sdb-main\build\classes\java\main\com\example\demo\api\controller\UserController.class]: null
2025-02-21 09:28:47 [main] INFO  o.a.catalina.core.StandardService - Stopping service [Tomcat]
2025-02-21 09:28:47 [main] INFO  o.s.b.a.l.ConditionEvaluationReportLogger - 

Error starting ApplicationContext. To display the condition evaluation report re-run your application with 'debug' enabled.
2025-02-21 09:28:47 [main] ERROR o.s.boot.SpringApplication - Application run failed
org.springframework.beans.factory.BeanCreationException: Error creating bean with name 'userController' defined in file [C:\Users\deles\IdeaProjects\demo-application\sdb-main\build\classes\java\main\com\example\demo\api\controller\UserController.class]: null
	at org.springframework.beans.factory.support.AbstractAutowireCapableBeanFactory.instantiateBean(AbstractAutowireCapableBeanFactory.java:1343)
	at org.springframework.beans.factory.support.AbstractAutowireCapableBeanFactory.createBeanInstance(AbstractAutowireCapableBeanFactory.java:1228)
	at org.springframework.beans.factory.support.AbstractAutowireCapableBeanFactory.doCreateBean(AbstractAutowireCapableBeanFactory.java:563)
	at org.springframework.beans.factory.support.AbstractAutowireCapableBeanFactory.createBean(AbstractAutowireCapableBeanFactory.java:523)
	at org.springframework.beans.factory.support.AbstractBeanFactory.lambda$doGetBean$0(AbstractBeanFactory.java:336)
	at org.springframework.beans.factory.support.DefaultSingletonBeanRegistry.getSingleton(DefaultSingletonBeanRegistry.java:307)
	at org.springframework.beans.factory.support.AbstractBeanFactory.doGetBean(AbstractBeanFactory.java:334)
	at org.springframework.beans.factory.support.AbstractBeanFactory.getBean(AbstractBeanFactory.java:199)
	at org.springframework.beans.factory.support.DefaultListableBeanFactory.instantiateSingleton(DefaultListableBeanFactory.java:1122)
	at org.springframework.beans.factory.support.DefaultListableBeanFactory.preInstantiateSingleton(DefaultListableBeanFactory.java:1093)
	at org.springframework.beans.factory.support.DefaultListableBeanFactory.preInstantiateSingletons(DefaultListableBeanFactory.java:1030)
	at org.springframework.context.support.AbstractApplicationContext.finishBeanFactoryInitialization(AbstractApplicationContext.java:987)
	at org.springframework.context.support.AbstractApplicationContext.refresh(AbstractApplicationContext.java:627)
	at org.springframework.boot.web.servlet.context.ServletWebServerApplicationContext.refresh(ServletWebServerApplicationContext.java:146)
	at org.springframework.boot.SpringApplication.refresh(SpringApplication.java:752)
	at org.springframework.boot.SpringApplication.refreshContext(SpringApplication.java:439)
	at org.springframework.boot.SpringApplication.run(SpringApplication.java:318)
	at org.springframework.boot.SpringApplication.run(SpringApplication.java:1361)
	at org.springframework.boot.SpringApplication.run(SpringApplication.java:1350)
	at com.example.demo.SDBApplication.main(SDBApplication.java:12)
Caused by: java.lang.ExceptionInInitializerError: null
	at java.base/jdk.internal.reflect.NativeConstructorAccessorImpl.newInstance0(Native Method)
	at java.base/jdk.internal.reflect.NativeConstructorAccessorImpl.newInstance(NativeConstructorAccessorImpl.java:77)
	at java.base/jdk.internal.reflect.DelegatingConstructorAccessorImpl.newInstance(DelegatingConstructorAccessorImpl.java:45)
	at java.base/java.lang.reflect.Constructor.newInstanceWithCaller(Constructor.java:499)
	at java.base/java.lang.reflect.Constructor.newInstance(Constructor.java:480)
	at org.springframework.beans.BeanUtils.instantiateClass(BeanUtils.java:196)
	at org.springframework.beans.factory.support.SimpleInstantiationStrategy.instantiate(SimpleInstantiationStrategy.java:122)
	at org.springframework.beans.factory.support.AbstractAutowireCapableBeanFactory.instantiateBean(AbstractAutowireCapableBeanFactory.java:1337)
	... 19 common frames omitted
Caused by: java.lang.IllegalArgumentException: baseUrl must end in /: http://127.0.0.1:8082/log
	at retrofit2.Retrofit$Builder.baseUrl(Retrofit.java:611)
	at retrofit2.Retrofit$Builder.baseUrl(Retrofit.java:554)
	at com.example.demo.utils.logging.api.LogApiClient.<init>(LogApiClient.java:16)
	at com.example.demo.utils.logging.Logger.<init>(Logger.java:11)
	at com.example.demo.api.controller.UserController.<clinit>(UserController.java:18)
	... 27 common frames omitted
2025-02-21 09:29:16 [background-preinit] INFO  o.h.validator.internal.util.Version - HV000001: Hibernate Validator 8.0.1.Final
2025-02-21 09:29:16 [main] INFO  com.example.demo.SDBApplication - Starting SDBApplication using Java 17 with PID 17372 (C:\Users\deles\IdeaProjects\demo-application\sdb-main\build\classes\java\main started by deles in C:\Users\deles\IdeaProjects\demo-application)
2025-02-21 09:29:16 [main] INFO  com.example.demo.SDBApplication - No active profile set, falling back to 1 default profile: "default"
2025-02-21 09:29:17 [main] INFO  o.s.b.w.e.tomcat.TomcatWebServer - Tomcat initialized with port 8080 (http)
2025-02-21 09:29:17 [main] INFO  o.a.coyote.http11.Http11NioProtocol - Initializing ProtocolHandler ["http-nio-8080"]
2025-02-21 09:29:17 [main] INFO  o.a.catalina.core.StandardService - Starting service [Tomcat]
2025-02-21 09:29:17 [main] INFO  o.a.catalina.core.StandardEngine - Starting Servlet engine: [Apache Tomcat/10.1.34]
2025-02-21 09:29:17 [main] INFO  o.a.c.c.C.[Tomcat].[localhost].[/] - Initializing Spring embedded WebApplicationContext
2025-02-21 09:29:17 [main] INFO  o.s.b.w.s.c.ServletWebServerApplicationContext - Root WebApplicationContext: initialization completed in 914 ms
2025-02-21 09:29:17 [main] INFO  o.a.coyote.http11.Http11NioProtocol - Starting ProtocolHandler ["http-nio-8080"]
2025-02-21 09:29:17 [main] INFO  o.s.b.w.e.tomcat.TomcatWebServer - Tomcat started on port 8080 (http) with context path '/'
2025-02-21 09:29:17 [main] INFO  com.example.demo.SDBApplication - Started SDBApplication in 1.763 seconds (process running for 2.034)
2025-02-21 09:29:57 [background-preinit] INFO  o.h.validator.internal.util.Version - HV000001: Hibernate Validator 8.0.1.Final
2025-02-21 09:29:58 [main] INFO  com.example.demo.SDBApplication - Starting SDBApplication using Java 17 with PID 19244 (C:\Users\deles\IdeaProjects\demo-application\sdb-main\build\classes\java\main started by deles in C:\Users\deles\IdeaProjects\demo-application)
2025-02-21 09:29:58 [main] INFO  com.example.demo.SDBApplication - No active profile set, falling back to 1 default profile: "default"
2025-02-21 09:29:58 [main] INFO  o.s.b.w.e.tomcat.TomcatWebServer - Tomcat initialized with port 8080 (http)
2025-02-21 09:29:58 [main] INFO  o.a.coyote.http11.Http11NioProtocol - Initializing ProtocolHandler ["http-nio-8080"]
2025-02-21 09:29:58 [main] INFO  o.a.catalina.core.StandardService - Starting service [Tomcat]
2025-02-21 09:29:58 [main] INFO  o.a.catalina.core.StandardEngine - Starting Servlet engine: [Apache Tomcat/10.1.34]
2025-02-21 09:29:58 [main] INFO  o.a.c.c.C.[Tomcat].[localhost].[/] - Initializing Spring embedded WebApplicationContext
2025-02-21 09:29:58 [main] INFO  o.s.b.w.s.c.ServletWebServerApplicationContext - Root WebApplicationContext: initialization completed in 893 ms
2025-02-21 09:29:59 [main] WARN  o.s.b.w.s.c.AnnotationConfigServletWebServerApplicationContext - Exception encountered during context initialization - cancelling refresh attempt: org.springframework.beans.factory.BeanCreationException: Error creating bean with name 'userController' defined in file [C:\Users\deles\IdeaProjects\demo-application\sdb-main\build\classes\java\main\com\example\demo\api\controller\UserController.class]: null
2025-02-21 09:29:59 [main] INFO  o.a.catalina.core.StandardService - Stopping service [Tomcat]
2025-02-21 09:29:59 [main] INFO  o.s.b.a.l.ConditionEvaluationReportLogger - 

Error starting ApplicationContext. To display the condition evaluation report re-run your application with 'debug' enabled.
2025-02-21 09:29:59 [main] ERROR o.s.boot.SpringApplication - Application run failed
org.springframework.beans.factory.BeanCreationException: Error creating bean with name 'userController' defined in file [C:\Users\deles\IdeaProjects\demo-application\sdb-main\build\classes\java\main\com\example\demo\api\controller\UserController.class]: null
	at org.springframework.beans.factory.support.AbstractAutowireCapableBeanFactory.instantiateBean(AbstractAutowireCapableBeanFactory.java:1343)
	at org.springframework.beans.factory.support.AbstractAutowireCapableBeanFactory.createBeanInstance(AbstractAutowireCapableBeanFactory.java:1228)
	at org.springframework.beans.factory.support.AbstractAutowireCapableBeanFactory.doCreateBean(AbstractAutowireCapableBeanFactory.java:563)
	at org.springframework.beans.factory.support.AbstractAutowireCapableBeanFactory.createBean(AbstractAutowireCapableBeanFactory.java:523)
	at org.springframework.beans.factory.support.AbstractBeanFactory.lambda$doGetBean$0(AbstractBeanFactory.java:336)
	at org.springframework.beans.factory.support.DefaultSingletonBeanRegistry.getSingleton(DefaultSingletonBeanRegistry.java:307)
	at org.springframework.beans.factory.support.AbstractBeanFactory.doGetBean(AbstractBeanFactory.java:334)
	at org.springframework.beans.factory.support.AbstractBeanFactory.getBean(AbstractBeanFactory.java:199)
	at org.springframework.beans.factory.support.DefaultListableBeanFactory.instantiateSingleton(DefaultListableBeanFactory.java:1122)
	at org.springframework.beans.factory.support.DefaultListableBeanFactory.preInstantiateSingleton(DefaultListableBeanFactory.java:1093)
	at org.springframework.beans.factory.support.DefaultListableBeanFactory.preInstantiateSingletons(DefaultListableBeanFactory.java:1030)
	at org.springframework.context.support.AbstractApplicationContext.finishBeanFactoryInitialization(AbstractApplicationContext.java:987)
	at org.springframework.context.support.AbstractApplicationContext.refresh(AbstractApplicationContext.java:627)
	at org.springframework.boot.web.servlet.context.ServletWebServerApplicationContext.refresh(ServletWebServerApplicationContext.java:146)
	at org.springframework.boot.SpringApplication.refresh(SpringApplication.java:752)
	at org.springframework.boot.SpringApplication.refreshContext(SpringApplication.java:439)
	at org.springframework.boot.SpringApplication.run(SpringApplication.java:318)
	at org.springframework.boot.SpringApplication.run(SpringApplication.java:1361)
	at org.springframework.boot.SpringApplication.run(SpringApplication.java:1350)
	at com.example.demo.SDBApplication.main(SDBApplication.java:12)
Caused by: java.lang.ExceptionInInitializerError: null
	at java.base/jdk.internal.reflect.NativeConstructorAccessorImpl.newInstance0(Native Method)
	at java.base/jdk.internal.reflect.NativeConstructorAccessorImpl.newInstance(NativeConstructorAccessorImpl.java:77)
	at java.base/jdk.internal.reflect.DelegatingConstructorAccessorImpl.newInstance(DelegatingConstructorAccessorImpl.java:45)
	at java.base/java.lang.reflect.Constructor.newInstanceWithCaller(Constructor.java:499)
	at java.base/java.lang.reflect.Constructor.newInstance(Constructor.java:480)
	at org.springframework.beans.BeanUtils.instantiateClass(BeanUtils.java:196)
	at org.springframework.beans.factory.support.SimpleInstantiationStrategy.instantiate(SimpleInstantiationStrategy.java:122)
	at org.springframework.beans.factory.support.AbstractAutowireCapableBeanFactory.instantiateBean(AbstractAutowireCapableBeanFactory.java:1337)
	... 19 common frames omitted
Caused by: java.lang.IllegalArgumentException: baseUrl must end in /: http://127.0.0.1:8082/log
	at retrofit2.Retrofit$Builder.baseUrl(Retrofit.java:611)
	at retrofit2.Retrofit$Builder.baseUrl(Retrofit.java:554)
	at com.example.demo.utils.logging.api.LogApiClient.<init>(LogApiClient.java:16)
	at com.example.demo.utils.logging.Logger.<init>(Logger.java:11)
	at com.example.demo.api.controller.UserController.<clinit>(UserController.java:18)
	... 27 common frames omitted
2025-02-21 09:31:22 [background-preinit] INFO  o.h.validator.internal.util.Version - HV000001: Hibernate Validator 8.0.1.Final
2025-02-21 09:31:22 [main] INFO  com.example.demo.SDBApplication - Starting SDBApplication using Java 17 with PID 23812 (C:\Users\deles\IdeaProjects\demo-application\sdb-main\build\classes\java\main started by deles in C:\Users\deles\IdeaProjects\demo-application)
2025-02-21 09:31:22 [main] INFO  com.example.demo.SDBApplication - No active profile set, falling back to 1 default profile: "default"
2025-02-21 09:31:23 [main] INFO  o.s.b.w.e.tomcat.TomcatWebServer - Tomcat initialized with port 8080 (http)
2025-02-21 09:31:23 [main] INFO  o.a.coyote.http11.Http11NioProtocol - Initializing ProtocolHandler ["http-nio-8080"]
2025-02-21 09:31:23 [main] INFO  o.a.catalina.core.StandardService - Starting service [Tomcat]
2025-02-21 09:31:23 [main] INFO  o.a.catalina.core.StandardEngine - Starting Servlet engine: [Apache Tomcat/10.1.34]
2025-02-21 09:31:23 [main] INFO  o.a.c.c.C.[Tomcat].[localhost].[/] - Initializing Spring embedded WebApplicationContext
2025-02-21 09:31:23 [main] INFO  o.s.b.w.s.c.ServletWebServerApplicationContext - Root WebApplicationContext: initialization completed in 959 ms
2025-02-21 09:31:23 [main] INFO  o.a.coyote.http11.Http11NioProtocol - Starting ProtocolHandler ["http-nio-8080"]
2025-02-21 09:31:23 [main] INFO  o.s.b.w.e.tomcat.TomcatWebServer - Tomcat started on port 8080 (http) with context path '/'
2025-02-21 09:31:23 [main] INFO  com.example.demo.SDBApplication - Started SDBApplication in 1.912 seconds (process running for 2.179)
2025-02-21 09:31:35 [background-preinit] INFO  o.h.validator.internal.util.Version - HV000001: Hibernate Validator 8.0.1.Final
2025-02-21 09:31:35 [main] INFO  com.example.demo.LogCollector - Starting LogCollector using Java 17 with PID 11948 (C:\Users\deles\IdeaProjects\demo-application\sdb-logging\build\classes\java\main started by deles in C:\Users\deles\IdeaProjects\demo-application)
2025-02-21 09:31:35 [main] INFO  com.example.demo.LogCollector - No active profile set, falling back to 1 default profile: "default"
2025-02-21 09:31:36 [main] INFO  o.s.b.w.e.tomcat.TomcatWebServer - Tomcat initialized with port 8082 (http)
2025-02-21 09:31:36 [main] INFO  o.a.coyote.http11.Http11NioProtocol - Initializing ProtocolHandler ["http-nio-127.0.0.1-8082"]
2025-02-21 09:31:36 [main] INFO  o.a.catalina.core.StandardService - Starting service [Tomcat]
2025-02-21 09:31:36 [main] INFO  o.a.catalina.core.StandardEngine - Starting Servlet engine: [Apache Tomcat/10.1.34]
2025-02-21 09:31:36 [main] INFO  o.a.c.c.C.[Tomcat].[localhost].[/] - Initializing Spring embedded WebApplicationContext
2025-02-21 09:31:36 [main] INFO  o.s.b.w.s.c.ServletWebServerApplicationContext - Root WebApplicationContext: initialization completed in 900 ms
2025-02-21 09:31:36 [main] INFO  o.a.coyote.http11.Http11NioProtocol - Starting ProtocolHandler ["http-nio-127.0.0.1-8082"]
2025-02-21 09:31:36 [main] INFO  o.s.b.w.e.tomcat.TomcatWebServer - Tomcat started on port 8082 (http) with context path '/'
2025-02-21 09:31:36 [main] INFO  com.example.demo.LogCollector - Started LogCollector in 1.716 seconds (process running for 1.958)
2025-02-21 09:31:55 [http-nio-8080-exec-1] INFO  o.a.c.c.C.[Tomcat].[localhost].[/] - Initializing Spring DispatcherServlet 'dispatcherServlet'
2025-02-21 09:31:55 [http-nio-8080-exec-1] INFO  o.s.web.servlet.DispatcherServlet - Initializing Servlet 'dispatcherServlet'
2025-02-21 09:31:55 [http-nio-8080-exec-1] INFO  o.s.web.servlet.DispatcherServlet - Completed initialization in 1 ms
2025-02-21 09:31:55 [http-nio-127.0.0.1-8082-exec-2] INFO  o.a.c.c.C.[Tomcat].[localhost].[/] - Initializing Spring DispatcherServlet 'dispatcherServlet'
2025-02-21 09:31:55 [http-nio-127.0.0.1-8082-exec-2] INFO  o.s.web.servlet.DispatcherServlet - Initializing Servlet 'dispatcherServlet'
2025-02-21 09:31:55 [http-nio-127.0.0.1-8082-exec-2] INFO  o.s.web.servlet.DispatcherServlet - Completed initialization in 1 ms
